<?xml version="1.0" encoding="UTF-8"?>
<testng-results ignored="0" total="2" passed="1" failed="1" skipped="0">
  <reporter-output>
  </reporter-output>
  <suite started-at="2021-05-16T17:00:10Z" name="Default suite" finished-at="2021-05-16T17:00:22Z" duration-ms="12197">
    <groups>
    </groups>
    <test started-at="2021-05-16T17:00:10Z" name="Default test" finished-at="2021-05-16T17:00:22Z" duration-ms="12197">
      <class name="checkConnection.OpenAmazon">
        <test-method is-config="true" signature="setupBrowser()[pri:0, instance:checkConnection.OpenAmazon@2f6e28bc]" started-at="2021-05-16T17:00:10Z" name="setupBrowser" finished-at="2021-05-16T17:00:13Z" duration-ms="2862" status="PASS">
          <reporter-output>
          </reporter-output>
        </test-method> <!-- setupBrowser -->
        <test-method signature="openAmazon()[pri:0, instance:checkConnection.OpenAmazon@2f6e28bc]" started-at="2021-05-16T17:00:13Z" name="openAmazon" description="This test case validates google home page" finished-at="2021-05-16T17:00:15Z" duration-ms="2447" status="FAIL">
          <exception class="java.lang.AssertionError">
            <message>
              <![CDATA[expected [Gooogle] but found [Google]]]>
            </message>
            <full-stacktrace>
              <![CDATA[java.lang.AssertionError: expected [Gooogle] but found [Google]
at org.testng.Assert.fail(Assert.java:96)
at org.testng.Assert.failNotEquals(Assert.java:776)
at org.testng.Assert.assertEqualsImpl(Assert.java:137)
at org.testng.Assert.assertEquals(Assert.java:118)
at org.testng.Assert.assertEquals(Assert.java:453)
at org.testng.Assert.assertEquals(Assert.java:463)
at checkConnection.OpenAmazon.openAmazon(OpenAmazon.java:46)
at java.base/jdk.internal.reflect.NativeMethodAccessorImpl.invoke0(Native Method)
at java.base/jdk.internal.reflect.NativeMethodAccessorImpl.invoke(NativeMethodAccessorImpl.java:64)
at java.base/jdk.internal.reflect.DelegatingMethodAccessorImpl.invoke(DelegatingMethodAccessorImpl.java:43)
at java.base/java.lang.reflect.Method.invoke(Method.java:564)
at org.testng.internal.MethodInvocationHelper.invokeMethod(MethodInvocationHelper.java:124)
at org.testng.internal.Invoker.invokeMethod(Invoker.java:583)
at org.testng.internal.Invoker.invokeTestMethod(Invoker.java:719)
at org.testng.internal.Invoker.invokeTestMethods(Invoker.java:989)
at org.testng.internal.TestMethodWorker.invokeTestMethods(TestMethodWorker.java:125)
at org.testng.internal.TestMethodWorker.run(TestMethodWorker.java:109)
at org.testng.TestRunner.privateRun(TestRunner.java:648)
at org.testng.TestRunner.run(TestRunner.java:505)
at org.testng.SuiteRunner.runTest(SuiteRunner.java:455)
at org.testng.SuiteRunner.runSequentially(SuiteRunner.java:450)
at org.testng.SuiteRunner.privateRun(SuiteRunner.java:415)
at org.testng.SuiteRunner.run(SuiteRunner.java:364)
at org.testng.SuiteRunnerWorker.runSuite(SuiteRunnerWorker.java:52)
at org.testng.SuiteRunnerWorker.run(SuiteRunnerWorker.java:84)
at org.testng.TestNG.runSuitesSequentially(TestNG.java:1208)
at org.testng.TestNG.runSuitesLocally(TestNG.java:1137)
at org.testng.TestNG.runSuites(TestNG.java:1049)
at org.testng.TestNG.run(TestNG.java:1017)
at org.testng.remote.AbstractRemoteTestNG.run(AbstractRemoteTestNG.java:115)
at org.testng.remote.RemoteTestNG.initAndRun(RemoteTestNG.java:251)
at org.testng.remote.RemoteTestNG.main(RemoteTestNG.java:77)
]]>
            </full-stacktrace>
          </exception> <!-- java.lang.AssertionError -->
          <reporter-output>
          </reporter-output>
        </test-method> <!-- openAmazon -->
        <test-method signature="opengoogle()[pri:0, instance:checkConnection.OpenAmazon@2f6e28bc]" started-at="2021-05-16T17:00:15Z" name="opengoogle" description="This test case validates google home page" finished-at="2021-05-16T17:00:21Z" duration-ms="5993" status="PASS">
          <reporter-output>
          </reporter-output>
        </test-method> <!-- opengoogle -->
        <test-method is-config="true" signature="tearDownBrowser()[pri:0, instance:checkConnection.OpenAmazon@2f6e28bc]" started-at="2021-05-16T17:00:21Z" name="tearDownBrowser" finished-at="2021-05-16T17:00:22Z" duration-ms="645" status="PASS">
          <reporter-output>
          </reporter-output>
        </test-method> <!-- tearDownBrowser -->
      </class> <!-- checkConnection.OpenAmazon -->
    </test> <!-- Default test -->
  </suite> <!-- Default suite -->
</testng-results>
